<?xml version="1.0" encoding="UTF-8"?>
<testng-results ignored="0" total="1" passed="1" failed="0" skipped="0">
  <reporter-output>
  </reporter-output>
  <suite started-at="2022-05-17T13:16:08 IST" name="Default suite" finished-at="2022-05-17T13:16:50 IST" duration-ms="42201">
    <groups>
    </groups>
    <test started-at="2022-05-17T13:16:08 IST" name="Default test" finished-at="2022-05-17T13:16:50 IST" duration-ms="42201">
      <class name="Automation.Framework.TestCases">
        <test-method is-config="true" signature="startTest()[pri:0, instance:Automation.Framework.TestCases@1afd44cb]" started-at="2022-05-17T13:16:08 IST" name="startTest" finished-at="2022-05-17T13:16:44 IST" duration-ms="36529" status="PASS">
          <reporter-output>
          </reporter-output>
        </test-method> <!-- startTest -->
        <test-method signature="Login()[pri:0, instance:Automation.Framework.TestCases@1afd44cb]" started-at="2022-05-17T13:16:44 IST" name="Login" finished-at="2022-05-17T13:16:50 IST" duration-ms="5593" status="PASS">
          <reporter-output>
          </reporter-output>
        </test-method> <!-- Login -->
      </class> <!-- Automation.Framework.TestCases -->
    </test> <!-- Default test -->
  </suite> <!-- Default suite -->
</testng-results>
