<?xml version="1.0" encoding="UTF-8"?>
<!-- Generated by org.testng.reporters.JUnitXMLReporter -->
<testsuite ignored="0" hostname="LPTSEPT12" failures="0" tests="2" name="Default test" time="25.51" errors="0" timestamp="2022-05-12T11:26:19 IST">
  <testcase classname="IBM_Training2.SeleniumScripts.TestDropdown" name="TestDefaultDropdownValue" time="5.078"/>
  <testcase classname="IBM_Training2.SeleniumScripts.TestDropdown" name="SelectOptionAndCheck" time="10.261"/>
</testsuite> <!-- Default test -->
