<?xml version="1.0" encoding="UTF-8"?>
<testng-results ignored="0" total="12" passed="12" failed="0" skipped="0">
  <reporter-output>
  </reporter-output>
  <suite started-at="2022-06-03T16:39:24Z" name="Default suite" finished-at="2022-06-03T16:39:51Z" duration-ms="27109">
    <groups>
    </groups>
    <test started-at="2022-06-03T16:39:24Z" name="Default test" finished-at="2022-06-03T16:39:51Z" duration-ms="27109">
      <class name="restAssured.assignment.PetStore">
        <test-method signature="createuser(java.lang.String, java.lang.String, java.lang.String, java.lang.String, java.lang.String, java.lang.String, java.lang.String, org.testng.ITestContext)[pri:1, instance:restAssured.assignment.PetStore@3e74829]" started-at="2022-06-03T16:39:25Z" name="createuser" data-provider="testdata" finished-at="2022-06-03T16:39:29Z" duration-ms="4126" status="PASS">
          <params>
            <param index="0">
              <value>
                <![CDATA[meghasn]]>
              </value>
            </param>
            <param index="1">
              <value>
                <![CDATA[megha]]>
              </value>
            </param>
            <param index="2">
              <value>
                <![CDATA[naik]]>
              </value>
            </param>
            <param index="3">
              <value>
                <![CDATA[megha@test.com]]>
              </value>
            </param>
            <param index="4">
              <value>
                <![CDATA[megha]]>
              </value>
            </param>
            <param index="5">
              <value>
                <![CDATA[8756734509]]>
              </value>
            </param>
            <param index="6">
              <value>
                <![CDATA[0]]>
              </value>
            </param>
            <param index="7">
              <value>
                <![CDATA[org.testng.TestRunner@610db97e]]>
              </value>
            </param>
          </params>
          <reporter-output>
          </reporter-output>
        </test-method> <!-- createuser -->
        <test-method signature="createuser(java.lang.String, java.lang.String, java.lang.String, java.lang.String, java.lang.String, java.lang.String, java.lang.String, org.testng.ITestContext)[pri:1, instance:restAssured.assignment.PetStore@3e74829]" started-at="2022-06-03T16:39:29Z" name="createuser" data-provider="testdata" finished-at="2022-06-03T16:39:32Z" duration-ms="3050" status="PASS">
          <params>
            <param index="0">
              <value>
                <![CDATA[chinmayeesn]]>
              </value>
            </param>
            <param index="1">
              <value>
                <![CDATA[chinmayee]]>
              </value>
            </param>
            <param index="2">
              <value>
                <![CDATA[naik]]>
              </value>
            </param>
            <param index="3">
              <value>
                <![CDATA[chinmayee@test.com]]>
              </value>
            </param>
            <param index="4">
              <value>
                <![CDATA[chinmayee]]>
              </value>
            </param>
            <param index="5">
              <value>
                <![CDATA[8745632956]]>
              </value>
            </param>
            <param index="6">
              <value>
                <![CDATA[0]]>
              </value>
            </param>
            <param index="7">
              <value>
                <![CDATA[org.testng.TestRunner@610db97e]]>
              </value>
            </param>
          </params>
          <reporter-output>
          </reporter-output>
        </test-method> <!-- createuser -->
        <test-method signature="modifyuser(java.lang.String, java.lang.String, java.lang.String, java.lang.String, java.lang.String, java.lang.String, java.lang.String, org.testng.ITestContext)[pri:2, instance:restAssured.assignment.PetStore@3e74829]" started-at="2022-06-03T16:39:32Z" name="modifyuser" data-provider="testdata" finished-at="2022-06-03T16:39:34Z" duration-ms="1773" status="PASS">
          <params>
            <param index="0">
              <value>
                <![CDATA[meghasn]]>
              </value>
            </param>
            <param index="1">
              <value>
                <![CDATA[megha]]>
              </value>
            </param>
            <param index="2">
              <value>
                <![CDATA[naik]]>
              </value>
            </param>
            <param index="3">
              <value>
                <![CDATA[megha@test.com]]>
              </value>
            </param>
            <param index="4">
              <value>
                <![CDATA[megha]]>
              </value>
            </param>
            <param index="5">
              <value>
                <![CDATA[8756734509]]>
              </value>
            </param>
            <param index="6">
              <value>
                <![CDATA[0]]>
              </value>
            </param>
            <param index="7">
              <value>
                <![CDATA[org.testng.TestRunner@610db97e]]>
              </value>
            </param>
          </params>
          <reporter-output>
          </reporter-output>
        </test-method> <!-- modifyuser -->
        <test-method signature="modifyuser(java.lang.String, java.lang.String, java.lang.String, java.lang.String, java.lang.String, java.lang.String, java.lang.String, org.testng.ITestContext)[pri:2, instance:restAssured.assignment.PetStore@3e74829]" started-at="2022-06-03T16:39:34Z" name="modifyuser" data-provider="testdata" finished-at="2022-06-03T16:39:36Z" duration-ms="1841" status="PASS">
          <params>
            <param index="0">
              <value>
                <![CDATA[chinmayeesn]]>
              </value>
            </param>
            <param index="1">
              <value>
                <![CDATA[chinmayee]]>
              </value>
            </param>
            <param index="2">
              <value>
                <![CDATA[naik]]>
              </value>
            </param>
            <param index="3">
              <value>
                <![CDATA[chinmayee@test.com]]>
              </value>
            </param>
            <param index="4">
              <value>
                <![CDATA[chinmayee]]>
              </value>
            </param>
            <param index="5">
              <value>
                <![CDATA[8745632956]]>
              </value>
            </param>
            <param index="6">
              <value>
                <![CDATA[0]]>
              </value>
            </param>
            <param index="7">
              <value>
                <![CDATA[org.testng.TestRunner@610db97e]]>
              </value>
            </param>
          </params>
          <reporter-output>
          </reporter-output>
        </test-method> <!-- modifyuser -->
        <test-method signature="getUser(java.lang.String, java.lang.String, java.lang.String, java.lang.String, java.lang.String, java.lang.String, java.lang.String)[pri:3, instance:restAssured.assignment.PetStore@3e74829]" started-at="2022-06-03T16:39:36Z" name="getUser" data-provider="testdata" finished-at="2022-06-03T16:39:38Z" duration-ms="1811" status="PASS">
          <params>
            <param index="0">
              <value>
                <![CDATA[meghasn]]>
              </value>
            </param>
            <param index="1">
              <value>
                <![CDATA[megha]]>
              </value>
            </param>
            <param index="2">
              <value>
                <![CDATA[naik]]>
              </value>
            </param>
            <param index="3">
              <value>
                <![CDATA[megha@test.com]]>
              </value>
            </param>
            <param index="4">
              <value>
                <![CDATA[megha]]>
              </value>
            </param>
            <param index="5">
              <value>
                <![CDATA[8756734509]]>
              </value>
            </param>
            <param index="6">
              <value>
                <![CDATA[0]]>
              </value>
            </param>
          </params>
          <reporter-output>
          </reporter-output>
        </test-method> <!-- getUser -->
        <test-method signature="getUser(java.lang.String, java.lang.String, java.lang.String, java.lang.String, java.lang.String, java.lang.String, java.lang.String)[pri:3, instance:restAssured.assignment.PetStore@3e74829]" started-at="2022-06-03T16:39:38Z" name="getUser" data-provider="testdata" finished-at="2022-06-03T16:39:40Z" duration-ms="2044" status="PASS">
          <params>
            <param index="0">
              <value>
                <![CDATA[chinmayeesn]]>
              </value>
            </param>
            <param index="1">
              <value>
                <![CDATA[chinmayee]]>
              </value>
            </param>
            <param index="2">
              <value>
                <![CDATA[naik]]>
              </value>
            </param>
            <param index="3">
              <value>
                <![CDATA[chinmayee@test.com]]>
              </value>
            </param>
            <param index="4">
              <value>
                <![CDATA[chinmayee]]>
              </value>
            </param>
            <param index="5">
              <value>
                <![CDATA[8745632956]]>
              </value>
            </param>
            <param index="6">
              <value>
                <![CDATA[0]]>
              </value>
            </param>
          </params>
          <reporter-output>
          </reporter-output>
        </test-method> <!-- getUser -->
        <test-method signature="login(java.lang.String, java.lang.String, java.lang.String, java.lang.String, java.lang.String, java.lang.String, java.lang.String)[pri:4, instance:restAssured.assignment.PetStore@3e74829]" started-at="2022-06-03T16:39:40Z" name="login" data-provider="testdata" finished-at="2022-06-03T16:39:42Z" duration-ms="1865" status="PASS">
          <params>
            <param index="0">
              <value>
                <![CDATA[meghasn]]>
              </value>
            </param>
            <param index="1">
              <value>
                <![CDATA[megha]]>
              </value>
            </param>
            <param index="2">
              <value>
                <![CDATA[naik]]>
              </value>
            </param>
            <param index="3">
              <value>
                <![CDATA[megha@test.com]]>
              </value>
            </param>
            <param index="4">
              <value>
                <![CDATA[megha]]>
              </value>
            </param>
            <param index="5">
              <value>
                <![CDATA[8756734509]]>
              </value>
            </param>
            <param index="6">
              <value>
                <![CDATA[0]]>
              </value>
            </param>
          </params>
          <reporter-output>
          </reporter-output>
        </test-method> <!-- login -->
        <test-method signature="login(java.lang.String, java.lang.String, java.lang.String, java.lang.String, java.lang.String, java.lang.String, java.lang.String)[pri:4, instance:restAssured.assignment.PetStore@3e74829]" started-at="2022-06-03T16:39:42Z" name="login" data-provider="testdata" finished-at="2022-06-03T16:39:44Z" duration-ms="2198" status="PASS">
          <params>
            <param index="0">
              <value>
                <![CDATA[chinmayeesn]]>
              </value>
            </param>
            <param index="1">
              <value>
                <![CDATA[chinmayee]]>
              </value>
            </param>
            <param index="2">
              <value>
                <![CDATA[naik]]>
              </value>
            </param>
            <param index="3">
              <value>
                <![CDATA[chinmayee@test.com]]>
              </value>
            </param>
            <param index="4">
              <value>
                <![CDATA[chinmayee]]>
              </value>
            </param>
            <param index="5">
              <value>
                <![CDATA[8745632956]]>
              </value>
            </param>
            <param index="6">
              <value>
                <![CDATA[0]]>
              </value>
            </param>
          </params>
          <reporter-output>
          </reporter-output>
        </test-method> <!-- login -->
        <test-method signature="logout(java.lang.String, java.lang.String, java.lang.String, java.lang.String, java.lang.String, java.lang.String, java.lang.String)[pri:5, instance:restAssured.assignment.PetStore@3e74829]" started-at="2022-06-03T16:39:44Z" name="logout" data-provider="testdata" finished-at="2022-06-03T16:39:46Z" duration-ms="1875" status="PASS">
          <params>
            <param index="0">
              <value>
                <![CDATA[meghasn]]>
              </value>
            </param>
            <param index="1">
              <value>
                <![CDATA[megha]]>
              </value>
            </param>
            <param index="2">
              <value>
                <![CDATA[naik]]>
              </value>
            </param>
            <param index="3">
              <value>
                <![CDATA[megha@test.com]]>
              </value>
            </param>
            <param index="4">
              <value>
                <![CDATA[megha]]>
              </value>
            </param>
            <param index="5">
              <value>
                <![CDATA[8756734509]]>
              </value>
            </param>
            <param index="6">
              <value>
                <![CDATA[0]]>
              </value>
            </param>
          </params>
          <reporter-output>
          </reporter-output>
        </test-method> <!-- logout -->
        <test-method signature="logout(java.lang.String, java.lang.String, java.lang.String, java.lang.String, java.lang.String, java.lang.String, java.lang.String)[pri:5, instance:restAssured.assignment.PetStore@3e74829]" started-at="2022-06-03T16:39:46Z" name="logout" data-provider="testdata" finished-at="2022-06-03T16:39:48Z" duration-ms="1974" status="PASS">
          <params>
            <param index="0">
              <value>
                <![CDATA[chinmayeesn]]>
              </value>
            </param>
            <param index="1">
              <value>
                <![CDATA[chinmayee]]>
              </value>
            </param>
            <param index="2">
              <value>
                <![CDATA[naik]]>
              </value>
            </param>
            <param index="3">
              <value>
                <![CDATA[chinmayee@test.com]]>
              </value>
            </param>
            <param index="4">
              <value>
                <![CDATA[chinmayee]]>
              </value>
            </param>
            <param index="5">
              <value>
                <![CDATA[8745632956]]>
              </value>
            </param>
            <param index="6">
              <value>
                <![CDATA[0]]>
              </value>
            </param>
          </params>
          <reporter-output>
          </reporter-output>
        </test-method> <!-- logout -->
        <test-method signature="delete(java.lang.String, java.lang.String, java.lang.String, java.lang.String, java.lang.String, java.lang.String, java.lang.String)[pri:6, instance:restAssured.assignment.PetStore@3e74829]" started-at="2022-06-03T16:39:48Z" name="delete" data-provider="testdata" finished-at="2022-06-03T16:39:50Z" duration-ms="1805" status="PASS">
          <params>
            <param index="0">
              <value>
                <![CDATA[meghasn]]>
              </value>
            </param>
            <param index="1">
              <value>
                <![CDATA[megha]]>
              </value>
            </param>
            <param index="2">
              <value>
                <![CDATA[naik]]>
              </value>
            </param>
            <param index="3">
              <value>
                <![CDATA[megha@test.com]]>
              </value>
            </param>
            <param index="4">
              <value>
                <![CDATA[megha]]>
              </value>
            </param>
            <param index="5">
              <value>
                <![CDATA[8756734509]]>
              </value>
            </param>
            <param index="6">
              <value>
                <![CDATA[0]]>
              </value>
            </param>
          </params>
          <reporter-output>
          </reporter-output>
        </test-method> <!-- delete -->
        <test-method signature="delete(java.lang.String, java.lang.String, java.lang.String, java.lang.String, java.lang.String, java.lang.String, java.lang.String)[pri:6, instance:restAssured.assignment.PetStore@3e74829]" started-at="2022-06-03T16:39:50Z" name="delete" data-provider="testdata" finished-at="2022-06-03T16:39:51Z" duration-ms="1747" status="PASS">
          <params>
            <param index="0">
              <value>
                <![CDATA[chinmayeesn]]>
              </value>
            </param>
            <param index="1">
              <value>
                <![CDATA[chinmayee]]>
              </value>
            </param>
            <param index="2">
              <value>
                <![CDATA[naik]]>
              </value>
            </param>
            <param index="3">
              <value>
                <![CDATA[chinmayee@test.com]]>
              </value>
            </param>
            <param index="4">
              <value>
                <![CDATA[chinmayee]]>
              </value>
            </param>
            <param index="5">
              <value>
                <![CDATA[8745632956]]>
              </value>
            </param>
            <param index="6">
              <value>
                <![CDATA[0]]>
              </value>
            </param>
          </params>
          <reporter-output>
          </reporter-output>
        </test-method> <!-- delete -->
      </class> <!-- restAssured.assignment.PetStore -->
    </test> <!-- Default test -->
  </suite> <!-- Default suite -->
</testng-results>
