<?xml version="1.0" encoding="UTF-8"?>
<testng-results ignored="0" total="1" passed="1" failed="0" skipped="0">
  <reporter-output>
  </reporter-output>
  <suite started-at="2022-05-17T11:00:06 IST" name="Orange HRM Demo application testing" finished-at="2022-05-17T11:00:20 IST" duration-ms="13483">
    <groups>
    </groups>
    <test started-at="2022-05-17T11:00:06 IST" name="Test Login functionality" finished-at="2022-05-17T11:00:20 IST" duration-ms="13483">
      <class name="IBMTraining_2.TestCaseProject.TestCases.LoginTestCaseWithValid">
        <test-method is-config="true" signature="StartTest()[pri:0, instance:IBMTraining_2.TestCaseProject.TestCases.LoginTestCaseWithValid@34f5090e]" started-at="2022-05-17T11:00:06 IST" name="StartTest" finished-at="2022-05-17T11:00:18 IST" duration-ms="11743" status="PASS">
          <reporter-output>
          </reporter-output>
        </test-method> <!-- StartTest -->
        <test-method signature="TestLoginWithValidCredentials()[pri:0, instance:IBMTraining_2.TestCaseProject.TestCases.LoginTestCaseWithValid@34f5090e]" started-at="2022-05-17T11:00:18 IST" name="TestLoginWithValidCredentials" finished-at="2022-05-17T11:00:20 IST" duration-ms="1705" status="PASS">
          <reporter-output>
          </reporter-output>
        </test-method> <!-- TestLoginWithValidCredentials -->
      </class> <!-- IBMTraining_2.TestCaseProject.TestCases.LoginTestCaseWithValid -->
    </test> <!-- Test Login functionality -->
  </suite> <!-- Orange HRM Demo application testing -->
</testng-results>
