<?xml version="1.0" encoding="UTF-8"?>
<testng-results ignored="0" total="1" passed="1" failed="0" skipped="0">
  <reporter-output>
  </reporter-output>
  <suite started-at="2022-05-13T11:21:48 IST" name="Default suite" finished-at="2022-05-13T11:22:03 IST" duration-ms="15781">
    <groups>
    </groups>
    <test started-at="2022-05-13T11:21:48 IST" name="Default test" finished-at="2022-05-13T11:22:03 IST" duration-ms="15781">
      <class name="IBMTraining_2.TestCaseProject.TestCases.LoginTestCaseWithValid">
        <test-method is-config="true" signature="StartTest()[pri:0, instance:IBMTraining_2.TestCaseProject.TestCases.LoginTestCaseWithValid@32502377]" started-at="2022-05-13T11:21:48 IST" name="StartTest" finished-at="2022-05-13T11:21:58 IST" duration-ms="10595" status="PASS">
          <reporter-output>
          </reporter-output>
        </test-method> <!-- StartTest -->
        <test-method signature="TestLoginWithValidCredentials()[pri:0, instance:IBMTraining_2.TestCaseProject.TestCases.LoginTestCaseWithValid@32502377]" started-at="2022-05-13T11:21:58 IST" name="TestLoginWithValidCredentials" finished-at="2022-05-13T11:22:03 IST" duration-ms="5138" status="PASS">
          <reporter-output>
          </reporter-output>
        </test-method> <!-- TestLoginWithValidCredentials -->
      </class> <!-- IBMTraining_2.TestCaseProject.TestCases.LoginTestCaseWithValid -->
    </test> <!-- Default test -->
  </suite> <!-- Default suite -->
</testng-results>
