<?xml version="1.0" encoding="UTF-8"?>
<testng-results ignored="0" total="1" passed="1" failed="0" skipped="0">
  <reporter-output>
  </reporter-output>
  <suite started-at="2022-05-10T11:35:26 IST" name="Default suite" finished-at="2022-05-10T11:35:42 IST" duration-ms="16491">
    <groups>
    </groups>
    <test started-at="2022-05-10T11:35:26 IST" name="Default test" finished-at="2022-05-10T11:35:42 IST" duration-ms="16491">
      <class name="IBMAppiumTraining2.AppiumScript.SampleScript">
        <test-method is-config="true" signature="StartTest()[pri:0, instance:IBMAppiumTraining2.AppiumScript.SampleScript@53aac487]" started-at="2022-05-10T11:35:26 IST" name="StartTest" finished-at="2022-05-10T11:35:39 IST" duration-ms="13449" status="PASS">
          <reporter-output>
          </reporter-output>
        </test-method> <!-- StartTest -->
        <test-method signature="DoLogin()[pri:0, instance:IBMAppiumTraining2.AppiumScript.SampleScript@53aac487]" started-at="2022-05-10T11:35:39 IST" name="DoLogin" finished-at="2022-05-10T11:35:42 IST" duration-ms="2978" status="PASS">
          <reporter-output>
          </reporter-output>
        </test-method> <!-- DoLogin -->
      </class> <!-- IBMAppiumTraining2.AppiumScript.SampleScript -->
    </test> <!-- Default test -->
  </suite> <!-- Default suite -->
</testng-results>
