<?xml version="1.0" encoding="UTF-8"?>
<testng-results ignored="0" total="2" passed="2" failed="0" skipped="0">
  <reporter-output>
  </reporter-output>
  <suite started-at="2022-05-12T11:25:53 IST" name="Default suite" finished-at="2022-05-12T11:26:19 IST" duration-ms="25510">
    <groups>
    </groups>
    <test started-at="2022-05-12T11:25:53 IST" name="Default test" finished-at="2022-05-12T11:26:19 IST" duration-ms="25510">
      <class name="IBM_Training2.SeleniumScripts.TestDropdown">
        <test-method is-config="true" signature="StartTest()[pri:0, instance:IBM_Training2.SeleniumScripts.TestDropdown@4659191b]" started-at="2022-05-12T11:25:53 IST" name="StartTest" finished-at="2022-05-12T11:26:03 IST" duration-ms="10143" status="PASS">
          <reporter-output>
          </reporter-output>
        </test-method> <!-- StartTest -->
        <test-method signature="TestDefaultDropdownValue()[pri:1, instance:IBM_Training2.SeleniumScripts.TestDropdown@4659191b]" started-at="2022-05-12T11:26:03 IST" name="TestDefaultDropdownValue" finished-at="2022-05-12T11:26:09 IST" duration-ms="5078" status="PASS">
          <reporter-output>
          </reporter-output>
        </test-method> <!-- TestDefaultDropdownValue -->
        <test-method signature="SelectOptionAndCheck()[pri:2, instance:IBM_Training2.SeleniumScripts.TestDropdown@4659191b]" started-at="2022-05-12T11:26:09 IST" name="SelectOptionAndCheck" finished-at="2022-05-12T11:26:19 IST" duration-ms="10261" status="PASS">
          <reporter-output>
          </reporter-output>
        </test-method> <!-- SelectOptionAndCheck -->
      </class> <!-- IBM_Training2.SeleniumScripts.TestDropdown -->
    </test> <!-- Default test -->
  </suite> <!-- Default suite -->
</testng-results>
