<?xml version="1.0" encoding="UTF-8"?>
<!-- Generated by org.testng.reporters.JUnitXMLReporter -->
<testsuite ignored="0" hostname="NBSB003BF8-TP" failures="0" tests="12" name="Default test" time="27.109" errors="0" timestamp="03 Jun 2022 16:39:51 GMT">
  <testcase classname="restAssured.assignment.PetStore" name="createuser" time="4.126"/>
  <testcase classname="restAssured.assignment.PetStore" name="createuser" time="3.05"/>
  <testcase classname="restAssured.assignment.PetStore" name="modifyuser" time="1.773"/>
  <testcase classname="restAssured.assignment.PetStore" name="modifyuser" time="1.841"/>
  <testcase classname="restAssured.assignment.PetStore" name="getUser" time="1.811"/>
  <testcase classname="restAssured.assignment.PetStore" name="getUser" time="2.044"/>
  <testcase classname="restAssured.assignment.PetStore" name="login" time="1.865"/>
  <testcase classname="restAssured.assignment.PetStore" name="login" time="2.198"/>
  <testcase classname="restAssured.assignment.PetStore" name="logout" time="1.875"/>
  <testcase classname="restAssured.assignment.PetStore" name="logout" time="1.974"/>
  <testcase classname="restAssured.assignment.PetStore" name="delete" time="1.805"/>
  <testcase classname="restAssured.assignment.PetStore" name="delete" time="1.747"/>
</testsuite> <!-- Default test -->
